[    0.000000] Linux version 4.15.0-91-generic (buildd@lgw01-amd64-013) (gcc version 7.4.0 (Ubuntu 7.4.0-1ubuntu1~18.04.1)) #92-Ubuntu SMP Fri Feb 28 11:09:48 UTC 2020 (Ubuntu 4.15.0-91.92-generic 4.15.18)
[    0.000000] Command line: BOOT_IMAGE=/boot/vmlinuz-4.15.0-91-generic root=LABEL=cloudimg-rootfs ro console=tty1 console=ttyS0
[    0.000000] KERNEL supported cpus:
[    0.000000]   Intel GenuineIntel
[    0.000000]   AMD AuthenticAMD
[    0.000000]   Centaur CentaurHauls
[    0.000000] x86/fpu: Supporting XSAVE feature 0x001: 'x87 floating point registers'
[    0.000000] x86/fpu: Supporting XSAVE feature 0x002: 'SSE registers'
[    0.000000] x86/fpu: Supporting XSAVE feature 0x004: 'AVX registers'
[    0.000000] x86/fpu: xstate_offset[2]:  576, xstate_sizes[2]:  256
[    0.000000] x86/fpu: Enabled xstate features 0x7, context size is 832 bytes, using 'standard' format.
[    0.000000] e820: BIOS-provided physical RAM map:
[    0.000000] BIOS-e820: [mem 0x0000000000000000-0x000000000009fbff] usable
[    0.000000] BIOS-e820: [mem 0x000000000009fc00-0x000000000009ffff] reserved
[    0.000000] BIOS-e820: [mem 0x00000000000f0000-0x00000000000fffff] reserved
[    0.000000] BIOS-e820: [mem 0x0000000000100000-0x00000000dffeffff] usable
[    0.000000] BIOS-e820: [mem 0x00000000dfff0000-0x00000000dfffffff] ACPI data
[    0.000000] BIOS-e820: [mem 0x00000000fec00000-0x00000000fec00fff] reserved
[    0.000000] BIOS-e820: [mem 0x00000000fee00000-0x00000000fee00fff] reserved
[    0.000000] BIOS-e820: [mem 0x00000000fffc0000-0x00000000ffffffff] reserved
[    0.000000] BIOS-e820: [mem 0x0000000100000000-0x000000021fffffff] usable
[    0.000000] NX (Execute Disable) protection: active
[    0.000000] SMBIOS 2.5 present.
[    0.000000] DMI: innotek GmbH VirtualBox/VirtualBox, BIOS VirtualBox 12/01/2006
[    0.000000] Hypervisor detected: KVM
[    0.000000] e820: last_pfn = 0x220000 max_arch_pfn = 0x400000000
[    0.000000] MTRR: Disabled
[    0.000000] x86/PAT: MTRRs disabled, skipping PAT initialization too.
[    0.000000] CPU MTRRs all blank - virtualized system.
[    0.000000] x86/PAT: Configuration [0-7]: WB  WT  UC- UC  WB  WT  UC- UC  
[    0.000000] e820: last_pfn = 0xdfff0 max_arch_pfn = 0x400000000
[    0.000000] found SMP MP-table at [mem 0x0009fff0-0x0009ffff]
[    0.000000] Scanning 1 areas for low memory corruption
[    0.000000] RAMDISK: [mem 0x35a6d000-0x36d2dfff]
[    0.000000] ACPI: Early table checksum verification disabled
[    0.000000] ACPI: RSDP 0x00000000000E0000 000024 (v02 VBOX  )
[    0.000000] ACPI: XSDT 0x00000000DFFF0030 00003C (v01 VBOX   VBOXXSDT 00000001 ASL  00000061)
[    0.000000] ACPI: FACP 0x00000000DFFF00F0 0000F4 (v04 VBOX   VBOXFACP 00000001 ASL  00000061)
[    0.000000] ACPI: DSDT 0x00000000DFFF0480 0022EA (v02 VBOX   VBOXBIOS 00000002 INTL 20100528)
[    0.000000] ACPI: FACS 0x00000000DFFF0200 000040
[    0.000000] ACPI: FACS 0x00000000DFFF0200 000040
[    0.000000] ACPI: APIC 0x00000000DFFF0240 00006C (v02 VBOX   VBOXAPIC 00000001 ASL  00000061)
[    0.000000] ACPI: SSDT 0x00000000DFFF02B0 0001CC (v01 VBOX   VBOXCPUT 00000002 INTL 20100528)
[    0.000000] No NUMA configuration found
[    0.000000] Faking a node at [mem 0x0000000000000000-0x000000021fffffff]
[    0.000000] NODE_DATA(0) allocated [mem 0x21ffd1000-0x21fffbfff]
[    0.000000] kvm-clock: cpu 0, msr 2:1ff50001, primary cpu clock
[    0.000000] kvm-clock: Using msrs 4b564d01 and 4b564d00
[    0.000000] kvm-clock: using sched offset of 3546143840 cycles
[    0.000000] clocksource: kvm-clock: mask: 0xffffffffffffffff max_cycles: 0x1cd42e4dffb, max_idle_ns: 881590591483 ns
[    0.000000] Zone ranges:
[    0.000000]   DMA      [mem 0x0000000000001000-0x0000000000ffffff]
[    0.000000]   DMA32    [mem 0x0000000001000000-0x00000000ffffffff]
[    0.000000]   Normal   [mem 0x0000000100000000-0x000000021fffffff]
[    0.000000]   Device   empty
[    0.000000] Movable zone start for each node
[    0.000000] Early memory node ranges
[    0.000000]   node   0: [mem 0x0000000000001000-0x000000000009efff]
[    0.000000]   node   0: [mem 0x0000000000100000-0x00000000dffeffff]
[    0.000000]   node   0: [mem 0x0000000100000000-0x000000021fffffff]
[    0.000000] Reserved but unavailable: 98 pages
[    0.000000] Initmem setup node 0 [mem 0x0000000000001000-0x000000021fffffff]
[    0.000000] ACPI: PM-Timer IO Port: 0x4008
[    0.000000] IOAPIC[0]: apic_id 4, version 32, address 0xfec00000, GSI 0-23
[    0.000000] ACPI: INT_SRC_OVR (bus 0 bus_irq 0 global_irq 2 dfl dfl)
[    0.000000] ACPI: INT_SRC_OVR (bus 0 bus_irq 9 global_irq 9 low level)
[    0.000000] Using ACPI (MADT) for SMP configuration information
[    0.000000] smpboot: Allowing 4 CPUs, 0 hotplug CPUs
[    0.000000] PM: Registered nosave memory: [mem 0x00000000-0x00000fff]
[    0.000000] PM: Registered nosave memory: [mem 0x0009f000-0x0009ffff]
[    0.000000] PM: Registered nosave memory: [mem 0x000a0000-0x000effff]
[    0.000000] PM: Registered nosave memory: [mem 0x000f0000-0x000fffff]
[    0.000000] PM: Registered nosave memory: [mem 0xdfff0000-0xdfffffff]
[    0.000000] PM: Registered nosave memory: [mem 0xe0000000-0xfebfffff]
[    0.000000] PM: Registered nosave memory: [mem 0xfec00000-0xfec00fff]
[    0.000000] PM: Registered nosave memory: [mem 0xfec01000-0xfedfffff]
[    0.000000] PM: Registered nosave memory: [mem 0xfee00000-0xfee00fff]
[    0.000000] PM: Registered nosave memory: [mem 0xfee01000-0xfffbffff]
[    0.000000] PM: Registered nosave memory: [mem 0xfffc0000-0xffffffff]
[    0.000000] e820: [mem 0xe0000000-0xfebfffff] available for PCI devices
[    0.000000] Booting paravirtualized kernel on KVM
[    0.000000] clocksource: refined-jiffies: mask: 0xffffffff max_cycles: 0xffffffff, max_idle_ns: 7645519600211568 ns
[    0.000000] random: get_random_bytes called from start_kernel+0x99/0x4fd with crng_init=0
[    0.000000] setup_percpu: NR_CPUS:8192 nr_cpumask_bits:4 nr_cpu_ids:4 nr_node_ids:1
[    0.000000] percpu: Embedded 45 pages/cpu s147456 r8192 d28672 u524288
[    0.000000] PV qspinlock hash table entries: 256 (order: 0, 4096 bytes)
[    0.000000] Built 1 zonelists, mobility grouping on.  Total pages: 2064249
[    0.000000] Policy zone: Normal
[    0.000000] Kernel command line: BOOT_IMAGE=/boot/vmlinuz-4.15.0-91-generic root=LABEL=cloudimg-rootfs ro console=tty1 console=ttyS0
[    0.000000] Memory: 8142080K/8388152K available (12300K kernel code, 2481K rwdata, 4264K rodata, 2432K init, 2712K bss, 246072K reserved, 0K cma-reserved)
[    0.000000] SLUB: HWalign=64, Order=0-3, MinObjects=0, CPUs=4, Nodes=1
[    0.000000] Kernel/User page tables isolation: enabled
[    0.000000] ftrace: allocating 39347 entries in 154 pages
[    0.004000] Hierarchical RCU implementation.
[    0.004000] 	RCU restricting CPUs from NR_CPUS=8192 to nr_cpu_ids=4.
[    0.004000] 	Tasks RCU enabled.
[    0.004000] RCU: Adjusting geometry for rcu_fanout_leaf=16, nr_cpu_ids=4
[    0.004000] NR_IRQS: 524544, nr_irqs: 456, preallocated irqs: 16
[    0.004000] Console: colour VGA+ 80x25
[    0.004000] console [tty1] enabled
[    0.004000] console [ttyS0] enabled
[    0.004000] ACPI: Core revision 20170831
[    0.004000] ACPI: 2 ACPI AML tables successfully acquired and loaded
[    0.004000] APIC: Switch to symmetric I/O mode setup
[    0.004000] x2apic enabled
[    0.004000] Switched APIC routing to physical x2apic.
[    0.004000] ..TIMER: vector=0x30 apic1=0 pin1=2 apic2=-1 pin2=-1
[    0.004003] tsc: Detected 2999.998 MHz processor
[    0.004694] Calibrating delay loop (skipped) preset value.. 5999.99 BogoMIPS (lpj=11999992)
[    0.005227] pid_max: default: 32768 minimum: 301
[    0.005936] Security Framework initialized
[    0.006552] Yama: becoming mindful.
[    0.007103] AppArmor: AppArmor initialized
[    0.012123] Dentry cache hash table entries: 1048576 (order: 11, 8388608 bytes)
[    0.016099] Inode-cache hash table entries: 524288 (order: 10, 4194304 bytes)
[    0.017155] Mount-cache hash table entries: 16384 (order: 5, 131072 bytes)
[    0.018152] Mountpoint-cache hash table entries: 16384 (order: 5, 131072 bytes)
[    0.020208] Last level iTLB entries: 4KB 128, 2MB 8, 4MB 8
[    0.021016] Last level dTLB entries: 4KB 64, 2MB 0, 4MB 0, 1GB 4
[    0.021887] Spectre V1 : Mitigation: usercopy/swapgs barriers and __user pointer sanitization
[    0.023134] Spectre V2 : Mitigation: Full generic retpoline
[    0.024001] Spectre V2 : Spectre v2 / SpectreRSB mitigation: Filling RSB on context switch
[    0.025206] Speculative Store Bypass: Vulnerable
[    0.025925] MDS: Mitigation: Clear CPU buffers
[    0.026715] Freeing SMP alternatives memory: 36K
[    0.136630] smpboot: CPU0: Intel(R) Core(TM) i5-8500B CPU @ 3.00GHz (family: 0x6, model: 0x9e, stepping: 0xa)
[    0.138557] Performance Events: unsupported p6 CPU model 158 no PMU driver, software events only.
[    0.140030] Hierarchical SRCU implementation.
[    0.142254] NMI watchdog: Perf event create on CPU 0 failed with -2
[    0.143164] NMI watchdog: Perf NMI watchdog permanently disabled
[    0.144042] smp: Bringing up secondary CPUs ...
[    0.144938] x86: Booting SMP configuration:
[    0.145705] .... node  #0, CPUs:      #1
[    0.004000] kvm-clock: cpu 1, msr 2:1ff50041, secondary cpu clock
[    0.148081]  #2
[    0.004000] kvm-clock: cpu 2, msr 2:1ff50081, secondary cpu clock
[    0.152069]  #3
[    0.004000] kvm-clock: cpu 3, msr 2:1ff500c1, secondary cpu clock
[    0.156012] smp: Brought up 1 node, 4 CPUs
[    0.156664] smpboot: Max logical packages: 1
[    0.157360] smpboot: Total of 4 processors activated (23999.98 BogoMIPS)
[    0.158583] devtmpfs: initialized
[    0.158583] x86/mm: Memory block size: 128MB
[    0.160413] evm: security.selinux
[    0.160945] evm: security.SMACK64
[    0.161686] evm: security.SMACK64EXEC
[    0.162453] evm: security.SMACK64TRANSMUTE
[    0.163091] evm: security.SMACK64MMAP
[    0.164005] evm: security.apparmor
[    0.164571] evm: security.ima
[    0.165058] evm: security.capability
[    0.165677] clocksource: jiffies: mask: 0xffffffff max_cycles: 0xffffffff, max_idle_ns: 7645041785100000 ns
[    0.165677] futex hash table entries: 1024 (order: 4, 65536 bytes)
[    0.168055] pinctrl core: initialized pinctrl subsystem
[    0.168979] RTC time: 14:56:09, date: 03/28/20
[    0.169793] NET: Registered protocol family 16
[    0.170676] audit: initializing netlink subsys (disabled)
[    0.172007] audit: type=2000 audit(1585407374.033:1): state=initialized audit_enabled=0 res=1
[    0.172102] cpuidle: using governor ladder
[    0.172661] cpuidle: using governor menu
[    0.173289] ACPI: bus type PCI registered
[    0.173898] acpiphp: ACPI Hot Plug PCI Controller Driver version: 0.5
[    0.177175] PCI: Using configuration type 1 for base access
[    0.178028] HugeTLB registered 2.00 MiB page size, pre-allocated 0 pages
[    0.180073] ACPI: Added _OSI(Module Device)
[    0.180728] ACPI: Added _OSI(Processor Device)
[    0.181409] ACPI: Added _OSI(3.0 _SCP Extensions)
[    0.182152] ACPI: Added _OSI(Processor Aggregator Device)
[    0.183022] ACPI: Added _OSI(Linux-Dell-Video)
[    0.184006] ACPI: Added _OSI(Linux-Lenovo-NV-HDMI-Audio)
[    0.184814] ACPI: Added _OSI(Linux-HPI-Hybrid-Graphics)
[    0.185897] ACPI: Executed 1 blocks of module-level executable AML code
[    0.189949] ACPI: Interpreter enabled
[    0.190536] ACPI: (supports S0 S5)
[    0.191075] ACPI: Using IOAPIC for interrupt routing
[    0.191991] PCI: Using host bridge windows from ACPI; if necessary, use "pci=nocrs" and report a bug
[    0.192152] ACPI: Enabled 2 GPEs in block 00 to 07
[    0.199144] ACPI: PCI Root Bridge [PCI0] (domain 0000 [bus 00-ff])
[    0.200006] acpi PNP0A03:00: _OSC: OS supports [ASPM ClockPM Segments MSI]
[    0.201407] acpi PNP0A03:00: _OSC: not requesting OS control; OS requires [ExtendedConfig ASPM ClockPM MSI]
[    0.202886] acpi PNP0A03:00: fail to add MMCONFIG information, can't access extended PCI configuration space under this bridge.
[    0.204358] PCI host bridge to bus 0000:00
[    0.205003] pci_bus 0000:00: root bus resource [io  0x0000-0x0cf7 window]
[    0.205980] pci_bus 0000:00: root bus resource [io  0x0d00-0xffff window]
[    0.207014] pci_bus 0000:00: root bus resource [mem 0x000a0000-0x000bffff window]
[    0.208003] pci_bus 0000:00: root bus resource [mem 0xe0000000-0xfdffffff window]
[    0.209157] pci_bus 0000:00: root bus resource [bus 00-ff]
[    0.213373] pci 0000:00:01.1: legacy IDE quirk: reg 0x10: [io  0x01f0-0x01f7]
[    0.214459] pci 0000:00:01.1: legacy IDE quirk: reg 0x14: [io  0x03f6]
[    0.215406] pci 0000:00:01.1: legacy IDE quirk: reg 0x18: [io  0x0170-0x0177]
[    0.216004] pci 0000:00:01.1: legacy IDE quirk: reg 0x1c: [io  0x0376]
[    0.273577] pci 0000:00:07.0: quirk: [io  0x4000-0x403f] claimed by PIIX4 ACPI
[    0.274778] pci 0000:00:07.0: quirk: [io  0x4100-0x410f] claimed by PIIX4 SMB
[    0.313360] ACPI: PCI Interrupt Link [LNKA] (IRQs 5 9 10 *11)
[    0.314700] ACPI: PCI Interrupt Link [LNKB] (IRQs 5 9 *10 11)
[    0.315690] ACPI: PCI Interrupt Link [LNKC] (IRQs 5 *9 10 11)
[    0.316115] ACPI: PCI Interrupt Link [LNKD] (IRQs 5 9 10 *11)
[    0.317265] SCSI subsystem initialized
[    0.317886] pci 0000:00:02.0: vgaarb: setting as boot VGA device
[    0.317886] pci 0000:00:02.0: vgaarb: VGA device added: decodes=io+mem,owns=io+mem,locks=none
[    0.320008] pci 0000:00:02.0: vgaarb: bridge control possible
[    0.320863] vgaarb: loaded
[    0.321315] ACPI: bus type USB registered
[    0.321931] usbcore: registered new interface driver usbfs
[    0.322732] usbcore: registered new interface driver hub
[    0.324018] usbcore: registered new device driver usb
[    0.324826] EDAC MC: Ver: 3.0.0
[    0.324826] PCI: Using ACPI for IRQ routing
[    0.324916] NetLabel: Initializing
[    0.325454] NetLabel:  domain hash size = 128
[    0.328002] NetLabel:  protocols = UNLABELED CIPSOv4 CALIPSO
[    0.328958] NetLabel:  unlabeled traffic allowed by default
[    0.329959] clocksource: Switched to clocksource kvm-clock
[    0.338793] VFS: Disk quotas dquot_6.6.0
[    0.339533] VFS: Dquot-cache hash table entries: 512 (order 0, 4096 bytes)
[    0.340814] AppArmor: AppArmor Filesystem Enabled
[    0.341535] pnp: PnP ACPI init
[    0.342944] pnp: PnP ACPI: found 3 devices
[    0.351791] clocksource: acpi_pm: mask: 0xffffff max_cycles: 0xffffff, max_idle_ns: 2085701024 ns
[    0.353154] NET: Registered protocol family 2
[    0.353941] TCP established hash table entries: 65536 (order: 7, 524288 bytes)
[    0.356567] TCP bind hash table entries: 65536 (order: 8, 1048576 bytes)
[    0.357604] TCP: Hash tables configured (established 65536 bind 65536)
[    0.358567] UDP hash table entries: 4096 (order: 5, 131072 bytes)
[    0.359763] UDP-Lite hash table entries: 4096 (order: 5, 131072 bytes)
[    0.360750] NET: Registered protocol family 1
[    0.361410] pci 0000:00:00.0: Limiting direct PCI/PCI transfers
[    0.362330] pci 0000:00:01.0: Activating ISA DMA hang workarounds
[    0.363245] pci 0000:00:02.0: Video device with shadowed ROM at [mem 0x000c0000-0x000dffff]
[    0.364559] Unpacking initramfs...
[    0.599027] Freeing initrd memory: 19204K
[    0.599888] PCI-DMA: Using software bounce buffering for IO (SWIOTLB)
[    0.601094] software IO TLB: mapped [mem 0xdbff0000-0xdfff0000] (64MB)
[    0.602294] clocksource: tsc: mask: 0xffffffffffffffff max_cycles: 0x2b3e43c8763, max_idle_ns: 440795360101 ns
[    0.603812] platform rtc_cmos: registered platform RTC device (no PNP device found)
[    0.605489] Scanning for low memory corruption every 60 seconds
[    0.606948] Initialise system trusted keyrings
[    0.607736] Key type blacklist registered
[    0.608545] workingset: timestamp_bits=36 max_order=21 bucket_order=0
[    0.610141] zbud: loaded
[    0.612130] squashfs: version 4.0 (2009/01/31) Phillip Lougher
[    0.613217] fuse init (API version 7.26)
[    0.615931] Key type asymmetric registered
[    0.616595] Asymmetric key parser 'x509' registered
[    0.617363] Block layer SCSI generic (bsg) driver version 0.4 loaded (major 246)
[    0.618544] io scheduler noop registered
[    0.619140] io scheduler deadline registered
[    0.619802] io scheduler cfq registered (default)
[    0.620894] ACPI: AC Adapter [AC] (on-line)
[    0.621574] input: Power Button as /devices/LNXSYSTM:00/LNXPWRBN:00/input/input0
[    0.622707] ACPI: Power Button [PWRF]
[    0.623319] input: Sleep Button as /devices/LNXSYSTM:00/LNXSLPBN:00/input/input1
[    0.624436] ACPI: Sleep Button [SLPF]
[    0.625324] Serial: 8250/16550 driver, 32 ports, IRQ sharing enabled
[    0.647094] 00:02: ttyS0 at I/O 0x3f8 (irq = 4, base_baud = 115200) is a 16550A
[    0.650725] Linux agpgart interface v0.103
[    0.653924] loop: module loaded
[    0.654857] scsi host0: ata_piix
[    0.655486] scsi host1: ata_piix
[    0.656004] ata1: PATA max UDMA/33 cmd 0x1f0 ctl 0x3f6 bmdma 0xd000 irq 14
[    0.657012] ata2: PATA max UDMA/33 cmd 0x170 ctl 0x376 bmdma 0xd008 irq 15
[    0.658118] libphy: Fixed MDIO Bus: probed
[    0.658769] tun: Universal TUN/TAP device driver, 1.6
[    0.659587] PPP generic driver version 2.4.2
[    0.660357] ehci_hcd: USB 2.0 'Enhanced' Host Controller (EHCI) Driver
[    0.661302] ehci-pci: EHCI PCI platform driver
[    0.661975] ehci-platform: EHCI generic platform driver
[    0.662746] ohci_hcd: USB 1.1 'Open' Host Controller (OHCI) Driver
[    0.663633] ohci-pci: OHCI PCI platform driver
[    0.664332] ohci-platform: OHCI generic platform driver
[    0.665105] uhci_hcd: USB Universal Host Controller Interface driver
[    0.666068] i8042: PNP: PS/2 Controller [PNP0303:PS2K,PNP0f03:PS2M] at 0x60,0x64 irq 1,12
[    0.667672] serio: i8042 KBD port at 0x60,0x64 irq 1
[    0.668550] serio: i8042 AUX port at 0x60,0x64 irq 12
[    0.669432] mousedev: PS/2 mouse device common for all mice
[    0.670703] input: AT Translated Set 2 keyboard as /devices/platform/i8042/serio0/input/input2
[    0.672117] rtc_cmos rtc_cmos: rtc core: registered rtc_cmos as rtc0
[    0.673068] rtc_cmos rtc_cmos: alarms up to one day, 114 bytes nvram
[    0.673981] i2c /dev entries driver
[    0.674552] device-mapper: uevent: version 1.0.3
[    0.675321] device-mapper: ioctl: 4.37.0-ioctl (2017-09-20) initialised: dm-devel@redhat.com
[    0.676753] ledtrig-cpu: registered to indicate activity on CPUs
[    0.677989] NET: Registered protocol family 10
[    0.681462] Segment Routing with IPv6
[    0.682039] NET: Registered protocol family 17
[    0.682813] Key type dns_resolver registered
[    0.683786] mce: Using 0 MCE banks
[    0.684382] RAS: Correctable Errors collector initialized.
[    0.685191] sched_clock: Marking stable (684369004, 0)->(965531631, -281162627)
[    0.686816] registered taskstats version 1
[    0.687447] Loading compiled-in X.509 certificates
[    0.689953] Loaded X.509 cert 'Build time autogenerated kernel key: d019e8c5f4cbc828f6af43369f65a014a3a68371'
[    0.691385] zswap: loaded using pool lzo/zbud
[    0.695791] Key type big_key registered
[    0.696490] Key type trusted registered
[    0.698855] Key type encrypted registered
[    0.699470] AppArmor: AppArmor sha1 policy hashing enabled
[    0.700386] ima: No TPM chip found, activating TPM-bypass! (rc=-19)
[    0.701302] ima: Allocated hash algorithm: sha1
[    0.702000] evm: HMAC attrs: 0x1
[    0.702739]   Magic number: 12:461:941
[    0.703407] rtc_cmos rtc_cmos: setting system clock to 2020-03-28 14:56:09 UTC (1585407369)
[    0.704820] BIOS EDD facility v0.16 2004-Jun-25, 0 devices found
[    0.705694] EDD information not available.
[    0.822077] Freeing unused kernel image memory: 2432K
[    1.094148] Write protecting the kernel read-only data: 20480k
[    1.096913] Freeing unused kernel image memory: 2008K
[    1.098006] Freeing unused kernel image memory: 1880K
[    1.104146] x86/mm: Checked W+X mappings: passed, no W+X pages found.
[    1.105199] x86/mm: Checking user space page tables
[    1.111240] x86/mm: Checked W+X mappings: passed, no W+X pages found.
Loading, please wait...
starting version 237
[    1.159695] e1000: Intel(R) PRO/1000 Network Driver - version 7.3.21-k8-NAPI
[    1.161393] e1000: Copyright (c) 1999-2006 Intel Corporation.
[    1.164037] Fusion MPT base driver 3.04.20
[    1.165253] Copyright (c) 1999-2008 LSI Corporation
[    1.170019] Fusion MPT SPI Host driver 3.04.20
[    1.172811] AVX2 version of gcm_enc/dec engaged.
[    1.173238] mptbase: ioc0: Initiating bringup
[    1.173858] AES CTR mode by8 optimization enabled
[    1.432687] ioc0: LSI53C1030 A0: Capabilities={Initiator}
[    1.438388] input: ImExPS/2 Generic Explorer Mouse as /devices/platform/i8042/serio1/input/input4
[    2.188903] scsi host2: ioc0: LSI53C1030 A0, FwRev=00000000h, Ports=1, MaxQ=256, IRQ=20
[    3.097427] scsi 2:0:0:0: Direct-Access     VBOX     HARDDISK         1.0  PQ: 0 ANSI: 5
[    3.140111] scsi target2:0:0: Beginning Domain Validation
[    3.142715] scsi target2:0:0: Domain Validation skipping write tests
[    3.143954] scsi target2:0:0: Ending Domain Validation
[    3.144825] scsi target2:0:0: asynchronous
[    3.145796] scsi 2:0:1:0: Direct-Access     VBOX     HARDDISK         1.0  PQ: 0 ANSI: 5
[    3.699614] scsi target2:0:1: Beginning Domain Validation
[    3.702708] random: fast init done
[    3.703675] scsi target2:0:1: Domain Validation skipping write tests
[    3.704776] scsi target2:0:1: Ending Domain Validation
[    3.705800] scsi target2:0:1: asynchronous
[    3.711997] random: systemd-udevd: uninitialized urandom read (16 bytes read)
[    3.713160] random: systemd-udevd: uninitialized urandom read (16 bytes read)
[    3.713277] e1000 0000:00:03.0 eth0: (PCI:33MHz:32-bit) 02:9c:31:18:9c:f3
[    3.714181] random: systemd-udevd: uninitialized urandom read (16 bytes read)
[    3.715150] e1000 0000:00:03.0 eth0: Intel(R) PRO/1000 Network Connection
[    3.716543] sd 2:0:0:0: Attached scsi generic sg0 type 0
[    3.717352] sd 2:0:0:0: [sda] 62914560 512-byte logical blocks: (32.2 GB/30.0 GiB)
[    3.718846] sd 2:0:1:0: Attached scsi generic sg1 type 0
[    3.719232] sd 2:0:0:0: [sda] Write Protect is off
[    3.721010] sd 2:0:1:0: [sdb] 20480 512-byte logical blocks: (10.5 MB/10.0 MiB)
[    3.722104] sd 2:0:0:0: [sda] Incomplete mode parameter data
[    3.722953] sd 2:0:0:0: [sda] Assuming drive cache: write through
[    3.723838] sd 2:0:1:0: [sdb] Write Protect is off
[    3.724711] sd 2:0:1:0: [sdb] Incomplete mode parameter data
[    3.725613] sd 2:0:1:0: [sdb] Assuming drive cache: write through
[    3.728854]  sda: sda1
[    3.729733] sd 2:0:0:0: [sda] Attached SCSI disk
[    3.730715] sd 2:0:1:0: [sdb] Attached SCSI disk
[    4.091774] e1000 0000:00:08.0 eth1: (PCI:33MHz:32-bit) 08:00:27:e2:13:e8
[    4.093278] e1000 0000:00:08.0 eth1: Intel(R) PRO/1000 Network Connection
[    4.095127] e1000 0000:00:03.0 enp0s3: renamed from eth0
[    4.109061] e1000 0000:00:08.0 enp0s8: renamed from eth1
Begin: Loading essential drivers ... [    5.472078] raid6: sse2x1   gen() 13360 MB/s
[    5.520259] raid6: sse2x1   xor()  9805 MB/s
[    5.568077] raid6: sse2x2   gen() 16801 MB/s
[    5.616103] raid6: sse2x2   xor() 11272 MB/s
[    5.664503] raid6: sse2x4   gen() 19047 MB/s
[    5.712087] raid6: sse2x4   xor() 11821 MB/s
[    5.760546] raid6: avx2x1   gen() 27086 MB/s
[    5.808090] raid6: avx2x1   xor() 19010 MB/s
[    5.856028] raid6: avx2x2   gen() 31485 MB/s
[    5.904018] raid6: avx2x2   xor() 20809 MB/s
[    5.952034] raid6: avx2x4   gen() 37705 MB/s
[    6.000072] raid6: avx2x4   xor() 22477 MB/s
[    6.001009] raid6: using algorithm avx2x4 gen() 37705 MB/s
[    6.001858] raid6: .... xor() 22477 MB/s, rmw enabled
[    6.002823] raid6: using avx2x2 recovery algorithm
[    6.004495] xor: automatically using best checksumming function   avx       
[    6.006399] async_tx: api initialized (async)
done.
Begin: Running /scripts/init-premount ... done.
Begin: Mounting root file system ... Begin: Running /scripts/local-top ... done.
Begin: Running /scripts/local-premount ... [    6.039461] Btrfs loaded, crc32c=crc32c-intel
Scanning for Btrfs filesystems
done.
Warning: fsck not present, so skipping root file system
[    6.074791] EXT4-fs (sda1): mounted filesystem with ordered data mode. Opts: (null)
done.
Begin: Running /scripts/local-bottom ... done.
Begin: Running /scripts/init-bottom ... done.
[    6.299673] ip_tables: (C) 2000-2006 Netfilter Core Team
[    6.322865] systemd[1]: systemd 237 running in system mode. (+PAM +AUDIT +SELINUX +IMA +APPARMOR +SMACK +SYSVINIT +UTMP +LIBCRYPTSETUP +GCRYPT +GNUTLS +ACL +XZ +LZ4 +SECCOMP +BLKID +ELFUTILS +KMOD -IDN2 +IDN -PCRE2 default-hierarchy=hybrid)
[    6.325957] systemd[1]: Detected virtualization oracle.
[    6.326735] systemd[1]: Detected architecture x86-64.

Welcome to [1mUbuntu 18.04.4 LTS[0m!

[    6.339111] systemd[1]: Set hostname to <my-app>.
[    6.892778] systemd[1]: Started Forward Password Requests to Wall Directory Watch.
[[0;32m  OK  [0m] Started Forward Password Requests to Wall Directory Watch.
[    6.894815] systemd[1]: Reached target User and Group Name Lookups.
[[0;32m  OK  [0m] Reached target User and Group Name Lookups.
[    6.904801] systemd[1]: Created slice System Slice.
[[0;32m  OK  [0m] Created slice System Slice.
[    6.906433] systemd[1]: Listening on /dev/initctl Compatibility Named Pipe.
[[0;32m  OK  [0m] Listening on /dev/initctl Compatibility Named Pipe.
[    6.908856] systemd[1]: Listening on Network Service Netlink Socket.
[[0;32m  OK  [0m] Listening on Network Service Netlink Socket.
[    6.910757] systemd[1]: Listening on Journal Socket.
[[0;32m  OK  [0m] Listening on Journal Socket.
         Starting Remount Root and Kernel File Systems...
         Starting Create list of required st…ce nodes for the current kernel...
         Starting Set the console keyboard layout...
[[0;32m  OK  [0m] Listening on LVM2 poll daemon socket.
[[0;32m  OK  [0m] Listening on Journal Audit Socket.
[[0;32m  OK  [0m] Listening on udev Control Socket.
         Mounting Huge Pages File System...
[[0;32m  OK  [0m] Reached target System Time Synchronized.
[[0;32m  OK  [0m] Listening on udev Kernel Socket.
         Starting udev Coldplug all Devices...
[    6.926530] EXT4-fs (sda1): re-mounted. Opts: (null)
         Starting Load Kernel Modules...
[[0;32m  OK  [0m] Listening on Device-mapper event daemon FIFOs.
         Mounting POSIX Message Queue File System...
         Starting Uncomplicated firewall...
         Mounting Kernel Debug File System...
[[0;32m  OK  [0m] Listening on Journal Socket (/dev/log).
[[0;32m  OK  [0m] Listening on Syslog Socket.
         Starting Journal Service...
[[0;32m  OK  [0m] Created slice system-serial\x2dgetty.slice.
[[0;32m  OK  [0m] Set up automount Arbitrary Executab…rmats File System Automount Point.
[    6.952288] Loading iSCSI transport class v2.0-870.
[    6.960690] iscsi: registered transport (tcp)
[    6.979145] iscsi: registered transport (iser)
[[0;32m  OK  [0m] Reached target Swap.
[[0;32m  OK  [0m] Listening on LVM2 metadata daemon socket.
         Starting Monitoring of LVM2 mirrors…ng dmeventd or progress polling...
[[0;32m  OK  [0m] Created slice User and Session Slice.
[[0;32m  OK  [0m] Reached target Slices.
[[0;32m  OK  [0m] Started Remount Root and Kernel File Systems.
[[0;32m  OK  [0m] Started Create list of required sta…vice nodes for the current kernel.
[[0;32m  OK  [0m] Mounted Huge Pages File System.
[[0;32m  OK  [0m] Started Load Kernel Modules.
[[0;32m  OK  [0m] Mounted POSIX Message Queue File System.
[[0;32m  OK  [0m] Started Uncomplicated firewall.
[[0;32m  OK  [0m] Started Journal Service.
[[0;32m  OK  [0m] Mounted Kernel Debug File System.
         Mounting Kernel Configuration File System...
         Mounting FUSE Control File System...
         Starting Apply Kernel Variables...
         Starting Create Static Device Nodes in /dev...
         Starting Flush Journal to Persistent Storage...
         Starting Load/Save Random Seed...
[[0;32m  OK  [0m] Started udev Coldplug all Devices.
[[0;32m  OK  [0m] Mounted Kernel Configuration File System.
[[0;32m  OK  [0m] Mounted FUSE Control File System.
[[0;32m  OK  [0m] Started Apply Kernel Variables.
[[0;32m  OK  [0m] Started Create Static Device Nodes in /dev.
[[0;32m  OK  [0m] Started LVM2 metadata daemon.
         Starting udev Kernel Device Manager...
[[0;32m  OK  [0m] Started Load/Save Random Seed.
[[0;32m  OK  [0m] Started udev Kernel Device Manager.
[[0;32m  OK  [0m] Started Monitoring of LVM2 mirrors,…sing dmeventd or progress polling.
[[0;32m  OK  [0m] Found device /dev/ttyS0.
[[0;32m  OK  [0m] Listening on Load/Save RF Kill Switch Status /dev/rfkill Watch.
[[0;32m  OK  [0m] Started Flush Journal to Persistent Storage.
[[0;32m  OK  [0m] Started Set the console keyboard layout.
[[0;32m  OK  [0m] Started Dispatch Password Requests to Console Directory Watch.
[[0;32m  OK  [0m] Reached target Local Encrypted Volumes.
[[0;32m  OK  [0m] Reached target Local File Systems (Pre).
[[0;32m  OK  [0m] Reached target Local File Systems.
         Starting Set console font and keymap...
         Starting Tell Plymouth To Write Out Runtime Data...
         Starting AppArmor initialization...
         Starting Create Volatile Files and Directories...
         Starting ebtables ruleset management...
[[0;32m  OK  [0m] Started Set console font and keymap.
[[0;32m  OK  [0m] Started Tell Plymouth To Write Out Runtime Data.
[[0;32m  OK  [0m] Started Create Volatile Files and Directories.
         Starting Update UTMP about System Boot/Shutdown...
[[0;32m  OK  [0m] Started Update UTMP about System Boot/Shutdown.
[[0;32m  OK  [0m] Started ebtables ruleset management.
[[0;32m  OK  [0m] Started AppArmor initialization.
         Starting Initial cloud-init job (pre-networking)...
[    9.132350] cloud-init[743]: Cloud-init v. 19.4-33-gbb4131a2-0ubuntu1~18.04.1 running 'init-local' at Sat, 28 Mar 2020 14:56:17 +0000. Up 8.95 seconds.
[[0;32m  OK  [0m] Started Initial cloud-init job (pre-networking).
[[0;32m  OK  [0m] Reached target Network (Pre).
         Starting Network Service...
[[0;32m  OK  [0m] Started Network Service.
         Starting Wait for Network to be Configured...
         Starting Network Name Resolution...
[[0;32m  OK  [0m] Started Network Name Resolution.
[[0;32m  OK  [0m] Reached target Host and Network Name Lookups.
[[0;32m  OK  [0m] Reached target Network.
[[0;32m  OK  [0m] Started Wait for Network to be Configured.
         Starting Initial cloud-init job (metadata service crawler)...
[   11.478279] cloud-init[849]: Cloud-init v. 19.4-33-gbb4131a2-0ubuntu1~18.04.1 running 'init' at Sat, 28 Mar 2020 14:56:20 +0000. Up 11.33 seconds.
[   11.492208] cloud-init[849]: ci-info: ++++++++++++++++++++++++++++++++++++++Net device info+++++++++++++++++++++++++++++++++++++++
[   11.493577] cloud-init[849]: ci-info: +--------+------+-----------------------------+---------------+--------+-------------------+
[   11.494974] cloud-init[849]: ci-info: | Device |  Up  |           Address           |      Mask     | Scope  |     Hw-Address    |
[   11.496406] cloud-init[849]: ci-info: +--------+------+-----------------------------+---------------+--------+-------------------+
[   11.497811] cloud-init[849]: ci-info: | enp0s3 | True |          10.0.2.15          | 255.255.255.0 | global | 02:9c:31:18:9c:f3 |
[   11.499186] cloud-init[849]: ci-info: | enp0s3 | True |  fe80::9c:31ff:fe18:9cf3/64 |       .       |  link  | 02:9c:31:18:9c:f3 |
[   11.500442] cloud-init[849]: ci-info: | enp0s8 | True |        192.168.33.10        | 255.255.255.0 | global | 08:00:27:e2:13:e8 |
[   11.501838] cloud-init[849]: ci-info: | enp0s8 | True | fe80::a00:27ff:fee2:13e8/64 |       .       |  link  | 08:00:27:e2:13:e8 |
[   11.503210] cloud-init[849]: ci-info: |   lo   | True |          127.0.0.1          |   255.0.0.0   |  host  |         .         |
[   11.504610] cloud-init[849]: ci-info: |   lo   | True |           ::1/128           |       .       |  host  |         .         |
[   11.505986] cloud-init[849]: ci-info: +--------+------+-----------------------------+---------------+--------+-------------------+
[   11.507347] cloud-init[849]: ci-info: +++++++++++++++++++++++++++++Route IPv4 info+++++++++++++++++++++++++++++
[   11.508493] cloud-init[849]: ci-info: +-------+--------------+----------+-----------------+-----------+-------+
[   11.509690] cloud-init[849]: ci-info: | Route | Destination  | Gateway  |     Genmask     | Interface | Flags |
[   11.510876] cloud-init[849]: ci-info: +-------+--------------+----------+-----------------+-----------+-------+
[   11.512094] cloud-init[849]: ci-info: |   0   |   0.0.0.0    | 10.0.2.2 |     0.0.0.0     |   enp0s3  |   UG  |
[   11.513301] cloud-init[849]: ci-info: |   1   |   10.0.2.0   | 0.0.0.0  |  255.255.255.0  |   enp0s3  |   U   |
[   11.514382] cloud-init[849]: ci-info: |   2   |   10.0.2.2   | 0.0.0.0  | 255.255.255.255 |   enp0s3  |   UH  |
[   11.515574] cloud-init[849]: ci-info: |   3   | 192.168.33.0 | 0.0.0.0  |  255.255.255.0  |   enp0s8  |   U   |
[   11.516916] cloud-init[849]: ci-info: +-------+--------------+----------+-----------------+-----------+-------+
[   11.518152] cloud-init[849]: ci-info: +++++++++++++++++++Route IPv6 info+++++++++++++++++++
[   11.519202] cloud-init[849]: ci-info: +-------+-------------+---------+-----------+-------+
[   11.520117] cloud-init[849]: ci-info: | Route | Destination | Gateway | Interface | Flags |
[   11.532233] cloud-init[849]: ci-info: +-------+-------------+---------+-----------+-------+
[   11.544195] cloud-init[849]: ci-info: |   1   |  fe80::/64  |    ::   |   enp0s3  |   U   |
[   11.545215] cloud-init[849]: ci-info: |   2   |  fe80::/64  |    ::   |   enp0s8  |   U   |
[   11.560226] cloud-init[849]: ci-info: |   4   |    local    |    ::   |   enp0s3  |   U   |
[   11.561660] cloud-init[849]: ci-info: |   5   |    local    |    ::   |   enp0s8  |   U   |
[   11.562756] cloud-init[849]: ci-info: |   6   |   ff00::/8  |    ::   |   enp0s3  |   U   |
[   11.563803] cloud-init[849]: ci-info: |   7   |   ff00::/8  |    ::   |   enp0s8  |   U   |
[   11.564963] cloud-init[849]: ci-info: +-------+-------------+---------+-----------+-------+
[[0;32m  OK  [0m] Started Initial cloud-init job (metadata service crawler).
[[0;32m  OK  [0m] Reached target System Initialization.
[[0;32m  OK  [0m] Listening on UUID daemon activation socket.
[[0;32m  OK  [0m] Listening on ACPID Listen Socket.
[[0;32m  OK  [0m] Started Message of the Day.
[[0;32m  OK  [0m] Started ACPI Events Check.
[[0;32m  OK  [0m] Started Daily Cleanup of Temporary Directories.
         Starting LXD - unix socket.
[[0;32m  OK  [0m] Listening on D-Bus System Message Bus Socket.
[[0;32m  OK  [0m] Listening on Open-iSCSI iscsid Socket.
[[0;32m  OK  [0m] Started Daily apt download activities.
[[0;32m  OK  [0m] Started Daily apt upgrade and clean activities.
[[0;32m  OK  [0m] Reached target Paths.
         Starting Socket activation for snappy daemon.
[[0;32m  OK  [0m] Started Discard unused blocks once a week.
[[0;32m  OK  [0m] Reached target Timers.
[[0;32m  OK  [0m] Reached target Network is Online.
[[0;32m  OK  [0m] Reached target Remote File Systems (Pre).
[[0;32m  OK  [0m] Reached target Remote File Systems.
         Starting Availability of block devices...
[[0;32m  OK  [0m] Reached target Cloud-config availability.
[[0;32m  OK  [0m] Listening on LXD - unix socket.
[[0;32m  OK  [0m] Listening on Socket activation for snappy daemon.
[[0;32m  OK  [0m] Started Availability of block devices.
[[0;32m  OK  [0m] Reached target Sockets.
[[0;32m  OK  [0m] Reached target Basic System.
         Starting Dispatcher daemon for systemd-networkd...
         Starting Snappy daemon...
         Starting LXD - container startup/shutdown...
         Starting Accounts Service...
         Starting OpenBSD Secure Shell server...
         Starting System Logging Service...
         Starting Login Service...
         Starting LSB: Record successful boot for GRUB...
[[0;32m  OK  [0m] Started Deferred execution scheduler.
[[0;32m  OK  [0m] Started FUSE filesystem for LXC.
[[0;32m  OK  [0m] Started irqbalance daemon.
[[0;32m  OK  [0m] Started D-Bus System Message Bus.
[[0;32m  OK  [0m] Started Login Service.
[[0;32m  OK  [0m] Started Unattended Upgrades Shutdown.
[[0;32m  OK  [0m] Started Regular background program processing daemon.
         Starting Permit User Sessions...
         Starting LSB: automatic crash report generation...
         Starting Virtualbox guest utils...
[[0;32m  OK  [0m] Started System Logging Service.
[[0;32m  OK  [0m] Started Dispatcher daemon for systemd-networkd.
[[0;32m  OK  [0m] Started LXD - container startup/shutdown.
[[0;32m  OK  [0m] Started OpenBSD Secure Shell server.
[[0;32m  OK  [0m] Started Permit User Sessions.
         Starting Hold until boot process finishes up...
         Starting Terminate Plymouth Boot Screen...
         Starting Authorization Manager...
[[0;32m  OK  [0m] Started Hold until boot process finishes up.
[[0;32m  OK  [0m] Started Terminate Plymouth Boot Screen.
[[0;32m  OK  [0m] Started Serial Getty on ttyS0.
         Starting Set console scheme...
[[0;32m  OK  [0m] Started Authorization Manager.
[[0;32m  OK  [0m] Started Accounts Service.
[[0;32m  OK  [0m] Started Set console scheme.
[[0;32m  OK  [0m] Created slice system-getty.slice.
[[0;32m  OK  [0m] Started Getty on tty1.
[[0;32m  OK  [0m] Reached target Login Prompts.
[[0;32m  OK  [0m] Started LSB: Record successful boot for GRUB.
[[0;32m  OK  [0m] Started LSB: automatic crash report generation.
[[0;32m  OK  [0m] Started Virtualbox guest utils.
[[0;32m  OK  [0m] Created slice User Slice of vagrant.
         Starting User Manager for UID 1000...
[[0;32m  OK  [0m] Started Session 1 of user vagrant.
[[0;32m  OK  [0m] Started Snappy daemon.
         Starting Wait until snapd is fully seeded...
[[0;32m  OK  [0m] Started Wait until snapd is fully seeded.
         Starting Apply the settings specified in cloud-config...
[[0;32m  OK  [0m] Reached target Multi-User System.
[[0;32m  OK  [0m] Reached target Graphical Interface.
         Starting Update UTMP about System Runlevel Changes...
[[0;32m  OK  [0m] Started Update UTMP about System Runlevel Changes.
[[0;32m  OK  [0m] Started User Manager for UID 1000.
[   13.345155] cloud-init[1390]: Cloud-init v. 19.4-33-gbb4131a2-0ubuntu1~18.04.1 running 'modules:config' at Sat, 28 Mar 2020 14:56:22 +0000. Up 13.26 seconds.
[[0;32m  OK  [0m] Started Apply the settings specified in cloud-config.
         Starting Execute cloud user/final scripts...
[   13.773474] cloud-init[1473]: Cloud-init v. 19.4-33-gbb4131a2-0ubuntu1~18.04.1 running 'modules:final' at Sat, 28 Mar 2020 14:56:22 +0000. Up 13.68 seconds.
[   13.774708] cloud-init[1473]: Cloud-init v. 19.4-33-gbb4131a2-0ubuntu1~18.04.1 finished at Sat, 28 Mar 2020 14:56:22 +0000. Datasource DataSourceNoCloud [seed=/dev/sdb][dsmode=net].  Up 13.76 seconds
[[0;32m  OK  [0m] Started Execute cloud user/final scripts.
[[0;32m  OK  [0m] Reached target Cloud-init target.

Ubuntu 18.04.4 LTS my-app ttyS0

my-app login: 